c:\users\rivers\documents\hacking\game\ue4universalhack\shootergame hack\x64\debug\vc143.pdb
c:\users\rivers\documents\hacking\game\ue4universalhack\shootergame hack\x64\debug\vc143.idb
c:\users\rivers\documents\hacking\game\ue4universalhack\shootergame hack\x64\debug\utils.obj
c:\users\rivers\documents\hacking\game\ue4universalhack\shootergame hack\x64\debug\render.obj
c:\users\rivers\documents\hacking\game\ue4universalhack\shootergame hack\x64\debug\misc.obj
c:\users\rivers\documents\hacking\game\ue4universalhack\shootergame hack\x64\debug\menu.obj
c:\users\rivers\documents\hacking\game\ue4universalhack\shootergame hack\x64\debug\math.obj
c:\users\rivers\documents\hacking\game\ue4universalhack\shootergame hack\x64\debug\main.obj
c:\users\rivers\documents\hacking\game\ue4universalhack\shootergame hack\x64\debug\imgui_widgets.obj
c:\users\rivers\documents\hacking\game\ue4universalhack\shootergame hack\x64\debug\imgui_impl_win32.obj
c:\users\rivers\documents\hacking\game\ue4universalhack\shootergame hack\x64\debug\imgui_impl_dx9.obj
c:\users\rivers\documents\hacking\game\ue4universalhack\shootergame hack\x64\debug\imgui_draw.obj
c:\users\rivers\documents\hacking\game\ue4universalhack\shootergame hack\x64\debug\imgui_demo.obj
c:\users\rivers\documents\hacking\game\ue4universalhack\shootergame hack\x64\debug\imgui.obj
c:\users\rivers\documents\hacking\game\ue4universalhack\shootergame hack\x64\debug\globals.obj
c:\users\rivers\documents\hacking\game\ue4universalhack\shootergame hack\x64\debug\esp.obj
c:\users\rivers\documents\hacking\game\ue4universalhack\shootergame hack\x64\debug\aimbot.obj
c:\users\rivers\documents\hacking\game\ue4universalhack\shootergame hack\x64\debug\shootergame hack.ilk
c:\users\rivers\documents\hacking\game\ue4universalhack\x64\debug\shootergame hack.exe
c:\users\rivers\documents\hacking\game\ue4universalhack\x64\debug\shootergame hack.pdb
c:\users\rivers\documents\hacking\game\ue4universalhack\shootergame hack\x64\debug\shootergame hack.tlog\cl.command.1.tlog
c:\users\rivers\documents\hacking\game\ue4universalhack\shootergame hack\x64\debug\shootergame hack.tlog\cl.items.tlog
c:\users\rivers\documents\hacking\game\ue4universalhack\shootergame hack\x64\debug\shootergame hack.tlog\cl.read.1.tlog
c:\users\rivers\documents\hacking\game\ue4universalhack\shootergame hack\x64\debug\shootergame hack.tlog\cl.write.1.tlog
c:\users\rivers\documents\hacking\game\ue4universalhack\shootergame hack\x64\debug\shootergame hack.tlog\link.command.1.tlog
c:\users\rivers\documents\hacking\game\ue4universalhack\shootergame hack\x64\debug\shootergame hack.tlog\link.read.1.tlog
c:\users\rivers\documents\hacking\game\ue4universalhack\shootergame hack\x64\debug\shootergame hack.tlog\link.write.1.tlog
